<?xml version="1.0" encoding="UTF-8"?>
<!-- Generated by org.testng.reporters.JUnitXMLReporter -->
<testsuite hostname="RSI1569" ignored="0" name="Automacao utilizando TDD" tests="6" failures="0" timestamp="2020-01-28T22:02:55 BRST" time="79.005" errors="0">
  <testcase name="testeSucessoCadastrarCliente" time="6.562" classname="br.com.rsinet.hub_tdd.teste.CadastrarClienteTeste"/>
  <testcase name="validarBotaoRegistrarDesabilitadoSemDadosPreenchidos" time="1.78" classname="br.com.rsinet.hub_tdd.teste.CadastrarClienteTeste"/>
  <testcase name="pesquisaProdutoTela" time="1.161" classname="br.com.rsinet.hub_tdd.teste.ConsultaProdutoTelaTeste"/>
  <testcase name="validarAberturaProdutoErrado" time="0.468" classname="br.com.rsinet.hub_tdd.teste.ConsultaProdutoTelaTeste"/>
  <testcase name="pesquisaProdutoCampo" time="1.054" classname="br.com.rsinet.hub_tdd.teste.ConsultarProdutoLupaTeste"/>
  <testcase name="pesquisarProdutoInexistente" time="0.515" classname="br.com.rsinet.hub_tdd.teste.ConsultarProdutoLupaTeste"/>
</testsuite> <!-- Automacao utilizando TDD -->
