<?xml version="1.0" encoding="UTF-8"?>
<!-- Generated by org.testng.reporters.JUnitXMLReporter -->
<testsuite hostname="RSI1569" ignored="0" name="Automacao utilizando TDD" tests="6" failures="0" timestamp="2020-01-27T13:09:39 BRST" time="90.236" errors="0">
  <testcase name="testeSucessoCadastrarCliente" time="7.677" classname="br.com.rsinet.hub_tdd.teste.CadastrarClienteTeste"/>
  <testcase name="validarBotaoRegistrarDesabilitadoSemDadosPreenchidos" time="7.426" classname="br.com.rsinet.hub_tdd.teste.CadastrarClienteTeste"/>
  <testcase name="pesquisaProdutoTela" time="1.663" classname="br.com.rsinet.hub_tdd.teste.ConsultaProdutoTelaTeste"/>
  <testcase name="validarAberturaProdutoErrado" time="0.314" classname="br.com.rsinet.hub_tdd.teste.ConsultaProdutoTelaTeste"/>
  <testcase name="pesquisaProdutoCampo" time="1.804" classname="br.com.rsinet.hub_tdd.teste.ConsultarProdutoLupaTeste"/>
  <testcase name="pesquisarProdutoInexistente" time="2.49" classname="br.com.rsinet.hub_tdd.teste.ConsultarProdutoLupaTeste"/>
</testsuite> <!-- Automacao utilizando TDD -->
