<?xml version="1.0" encoding="UTF-8"?>
<!-- Generated by org.testng.reporters.JUnitXMLReporter -->
<testsuite hostname="RSI1569" ignored="1" name="Default test" tests="1" failures="0" timestamp="2020-01-28T22:14:29 BRST" time="14.328" errors="0">
  <testcase name="pesquisarProdutoInexistente" time="2.319" classname="br.com.rsinet.hub_tdd.teste.ConsultarProdutoLupaTeste"/>
  <testcase name="pesquisaProdutoCampo" time="0.0" classname="br.com.rsinet.hub_tdd.teste.ConsultarProdutoLupaTeste">
    <ignored/>
  </testcase> <!-- pesquisaProdutoCampo -->
</testsuite> <!-- Default test -->
