<?xml version="1.0" encoding="UTF-8"?>
<!-- Generated by org.testng.reporters.JUnitXMLReporter -->
<testsuite hostname="RSI1569" ignored="1" name="Default test" tests="1" failures="0" timestamp="2020-01-27T13:54:13 BRST" time="20.872" errors="0">
  <testcase name="testeSucessoCadastrarCliente" time="7.685" classname="br.com.rsinet.hub_tdd.teste.CadastrarClienteTeste"/>
  <testcase name="validarBotaoRegistrarDesabilitadoSemDadosPreenchidos" time="0.0" classname="br.com.rsinet.hub_tdd.teste.CadastrarClienteTeste">
    <ignored/>
  </testcase> <!-- validarBotaoRegistrarDesabilitadoSemDadosPreenchidos -->
</testsuite> <!-- Default test -->
