<?xml version="1.0" encoding="UTF-8"?>
<testng-results skipped="0" failed="0" ignored="1" total="2" passed="1">
  <reporter-output>
  </reporter-output>
  <suite name="Default suite" duration-ms="14328" started-at="2020-01-28T22:14:15 BRST" finished-at="2020-01-28T22:14:29 BRST">
    <groups>
    </groups>
    <test name="Default test" duration-ms="14328" started-at="2020-01-28T22:14:15 BRST" finished-at="2020-01-28T22:14:29 BRST">
      <class name="br.com.rsinet.hub_tdd.teste.ConsultarProdutoLupaTeste">
        <test-method status="PASS" signature="setConfigReport()[pri:0, instance:br.com.rsinet.hub_tdd.teste.ConsultarProdutoLupaTeste@76f2b07d]" name="setConfigReport" is-config="true" duration-ms="68" started-at="2020-01-28T22:14:15 BRST" finished-at="2020-01-28T22:14:15 BRST">
          <reporter-output>
          </reporter-output>
        </test-method> <!-- setConfigReport -->
        <test-method status="PASS" signature="Inicializa()[pri:0, instance:br.com.rsinet.hub_tdd.teste.ConsultarProdutoLupaTeste@76f2b07d]" name="Inicializa" is-config="true" duration-ms="10803" started-at="2020-01-28T22:14:15 BRST" finished-at="2020-01-28T22:14:26 BRST">
          <reporter-output>
          </reporter-output>
        </test-method> <!-- Inicializa -->
        <test-method status="PASS" signature="pesquisarProdutoInexistente()[pri:0, instance:br.com.rsinet.hub_tdd.teste.ConsultarProdutoLupaTeste@76f2b07d]" name="pesquisarProdutoInexistente" duration-ms="2319" started-at="2020-01-28T22:14:26 BRST" finished-at="2020-01-28T22:14:28 BRST">
          <reporter-output>
          </reporter-output>
        </test-method> <!-- pesquisarProdutoInexistente -->
        <test-method status="PASS" signature="finaliza(org.testng.ITestResult)[pri:0, instance:br.com.rsinet.hub_tdd.teste.ConsultarProdutoLupaTeste@76f2b07d]" name="finaliza" is-config="true" duration-ms="906" started-at="2020-01-28T22:14:28 BRST" finished-at="2020-01-28T22:14:29 BRST">
          <params>
            <param index="0">
              <value>
                <![CDATA[[TestResult name=pesquisarProdutoInexistente status=SUCCESS method=ConsultarProdutoLupaTeste.pesquisarProdutoInexistente()[pri:0, instance:br.com.rsinet.hub_tdd.teste.ConsultarProdutoLupaTeste@76f2b07d] output={null}]]]>
              </value>
            </param>
          </params>
          <reporter-output>
          </reporter-output>
        </test-method> <!-- finaliza -->
        <test-method status="PASS" signature="finalizaReport()[pri:0, instance:br.com.rsinet.hub_tdd.teste.ConsultarProdutoLupaTeste@76f2b07d]" name="finalizaReport" is-config="true" duration-ms="204" started-at="2020-01-28T22:14:29 BRST" finished-at="2020-01-28T22:14:29 BRST">
          <reporter-output>
          </reporter-output>
        </test-method> <!-- finalizaReport -->
      </class> <!-- br.com.rsinet.hub_tdd.teste.ConsultarProdutoLupaTeste -->
    </test> <!-- Default test -->
  </suite> <!-- Default suite -->
</testng-results>
