<?xml version="1.0" encoding="UTF-8"?>
<testng-results skipped="0" failed="0" ignored="1" total="2" passed="1">
  <reporter-output>
  </reporter-output>
  <suite name="Default suite" duration-ms="20872" started-at="2020-01-27T13:53:52 BRST" finished-at="2020-01-27T13:54:13 BRST">
    <groups>
    </groups>
    <test name="Default test" duration-ms="20872" started-at="2020-01-27T13:53:52 BRST" finished-at="2020-01-27T13:54:13 BRST">
      <class name="br.com.rsinet.hub_tdd.teste.CadastrarClienteTeste">
        <test-method status="PASS" signature="setConfigReport()[pri:0, instance:br.com.rsinet.hub_tdd.teste.CadastrarClienteTeste@76f2b07d]" name="setConfigReport" is-config="true" duration-ms="74" started-at="2020-01-27T13:53:52 BRST" finished-at="2020-01-27T13:53:52 BRST">
          <reporter-output>
          </reporter-output>
        </test-method> <!-- setConfigReport -->
        <test-method status="PASS" signature="Inicializa()[pri:0, instance:br.com.rsinet.hub_tdd.teste.CadastrarClienteTeste@76f2b07d]" name="Inicializa" is-config="true" duration-ms="11431" started-at="2020-01-27T13:53:52 BRST" finished-at="2020-01-27T13:54:04 BRST">
          <reporter-output>
          </reporter-output>
        </test-method> <!-- Inicializa -->
        <test-method status="PASS" signature="testeSucessoCadastrarCliente()[pri:0, instance:br.com.rsinet.hub_tdd.teste.CadastrarClienteTeste@76f2b07d]" name="testeSucessoCadastrarCliente" duration-ms="7685" started-at="2020-01-27T13:54:04 BRST" finished-at="2020-01-27T13:54:11 BRST">
          <reporter-output>
          </reporter-output>
        </test-method> <!-- testeSucessoCadastrarCliente -->
        <test-method status="PASS" signature="finaliza(org.testng.ITestResult)[pri:0, instance:br.com.rsinet.hub_tdd.teste.CadastrarClienteTeste@76f2b07d]" name="finaliza" is-config="true" duration-ms="1448" started-at="2020-01-27T13:54:11 BRST" finished-at="2020-01-27T13:54:13 BRST">
          <params>
            <param index="0">
              <value>
                <![CDATA[[TestResult name=testeSucessoCadastrarCliente status=SUCCESS method=CadastrarClienteTeste.testeSucessoCadastrarCliente()[pri:0, instance:br.com.rsinet.hub_tdd.teste.CadastrarClienteTeste@76f2b07d] output={null}]]]>
              </value>
            </param>
          </params>
          <reporter-output>
          </reporter-output>
        </test-method> <!-- finaliza -->
        <test-method status="PASS" signature="finalizaReport()[pri:0, instance:br.com.rsinet.hub_tdd.teste.CadastrarClienteTeste@76f2b07d]" name="finalizaReport" is-config="true" duration-ms="210" started-at="2020-01-27T13:54:13 BRST" finished-at="2020-01-27T13:54:13 BRST">
          <reporter-output>
          </reporter-output>
        </test-method> <!-- finalizaReport -->
      </class> <!-- br.com.rsinet.hub_tdd.teste.CadastrarClienteTeste -->
    </test> <!-- Default test -->
  </suite> <!-- Default suite -->
</testng-results>
